{"/home/brayden-drummond/Applications/Favourite-album-app/client/actions/create.js": {"path":"/home/brayden-drummond/Applications/Favourite-album-app/client/actions/create.js","statementMap":{"0":{"start":{"line":4,"column":25},"end":{"line":4,"column":36}},"1":{"start":{"line":7,"column":2},"end":{"line":12,"column":3}},"2":{"start":{"line":8,"column":4},"end":{"line":11,"column":6}},"3":{"start":{"line":9,"column":6},"end":{"line":9,"column":41}},"4":{"start":{"line":10,"column":6},"end":{"line":10,"column":17}}},"fnMap":{"0":{"name":"addMovie","decl":{"start":{"line":6,"column":16},"end":{"line":6,"column":24}},"loc":{"start":{"line":6,"column":42},"end":{"line":13,"column":1}},"line":6},"1":{"name":"(anonymous_1)","decl":{"start":{"line":7,"column":9},"end":{"line":7,"column":10}},"loc":{"start":{"line":7,"column":23},"end":{"line":12,"column":3}},"line":7},"2":{"name":"(anonymous_2)","decl":{"start":{"line":8,"column":45},"end":{"line":8,"column":46}},"loc":{"start":{"line":8,"column":51},"end":{"line":11,"column":5}},"line":8}},"branchMap":{},"s":{"0":1,"1":0,"2":0,"3":0,"4":0},"f":{"0":0,"1":0,"2":0},"b":{},"_coverageSchema":"1a1c01bbd47fc00a2c39e90264f33305004495a9","hash":"922d227fe8c257fe0003c52cde21431911aca481"}
,"/home/brayden-drummond/Applications/Favourite-album-app/client/actions/delete.js": {"path":"/home/brayden-drummond/Applications/Favourite-album-app/client/actions/delete.js","statementMap":{"0":{"start":{"line":5,"column":2},"end":{"line":13,"column":3}},"1":{"start":{"line":6,"column":4},"end":{"line":12,"column":8}},"2":{"start":{"line":8,"column":8},"end":{"line":8,"column":43}},"3":{"start":{"line":11,"column":8},"end":{"line":11,"column":36}}},"fnMap":{"0":{"name":"deleteMovieAction","decl":{"start":{"line":4,"column":16},"end":{"line":4,"column":33}},"loc":{"start":{"line":4,"column":48},"end":{"line":14,"column":1}},"line":4},"1":{"name":"(anonymous_1)","decl":{"start":{"line":5,"column":9},"end":{"line":5,"column":10}},"loc":{"start":{"line":5,"column":23},"end":{"line":13,"column":3}},"line":5},"2":{"name":"(anonymous_2)","decl":{"start":{"line":7,"column":12},"end":{"line":7,"column":13}},"loc":{"start":{"line":7,"column":18},"end":{"line":9,"column":7}},"line":7},"3":{"name":"(anonymous_3)","decl":{"start":{"line":10,"column":13},"end":{"line":10,"column":14}},"loc":{"start":{"line":10,"column":24},"end":{"line":12,"column":7}},"line":10}},"branchMap":{},"s":{"0":2,"1":2,"2":1,"3":1},"f":{"0":2,"1":2,"2":1,"3":1},"b":{},"_coverageSchema":"1a1c01bbd47fc00a2c39e90264f33305004495a9","hash":"482a71ce2969e276817e6f668560fefcf6a4d70b"}
,"/home/brayden-drummond/Applications/Favourite-album-app/client/actions/home.js": {"path":"/home/brayden-drummond/Applications/Favourite-album-app/client/actions/home.js","statementMap":{"0":{"start":{"line":3,"column":32},"end":{"line":3,"column":50}},"1":{"start":{"line":6,"column":2},"end":{"line":9,"column":3}},"2":{"start":{"line":13,"column":2},"end":{"line":21,"column":3}},"3":{"start":{"line":14,"column":4},"end":{"line":20,"column":8}},"4":{"start":{"line":16,"column":8},"end":{"line":16,"column":45}},"5":{"start":{"line":19,"column":8},"end":{"line":19,"column":36}}},"fnMap":{"0":{"name":"setHomeContent","decl":{"start":{"line":5,"column":16},"end":{"line":5,"column":30}},"loc":{"start":{"line":5,"column":44},"end":{"line":10,"column":1}},"line":5},"1":{"name":"fetchHomeContent","decl":{"start":{"line":12,"column":16},"end":{"line":12,"column":32}},"loc":{"start":{"line":12,"column":35},"end":{"line":22,"column":1}},"line":12},"2":{"name":"(anonymous_2)","decl":{"start":{"line":13,"column":9},"end":{"line":13,"column":10}},"loc":{"start":{"line":13,"column":23},"end":{"line":21,"column":3}},"line":13},"3":{"name":"(anonymous_3)","decl":{"start":{"line":15,"column":12},"end":{"line":15,"column":13}},"loc":{"start":{"line":15,"column":29},"end":{"line":17,"column":7}},"line":15},"4":{"name":"(anonymous_4)","decl":{"start":{"line":18,"column":13},"end":{"line":18,"column":14}},"loc":{"start":{"line":18,"column":24},"end":{"line":20,"column":7}},"line":18}},"branchMap":{},"s":{"0":3,"1":1,"2":2,"3":2,"4":1,"5":1},"f":{"0":1,"1":2,"2":2,"3":1,"4":1},"b":{},"_coverageSchema":"1a1c01bbd47fc00a2c39e90264f33305004495a9","hash":"95ec50637f9e022893f4e9a05e2cdf93a7581ac5"}
,"/home/brayden-drummond/Applications/Favourite-album-app/client/actions/movies.js": {"path":"/home/brayden-drummond/Applications/Favourite-album-app/client/actions/movies.js","statementMap":{"0":{"start":{"line":3,"column":34},"end":{"line":3,"column":54}},"1":{"start":{"line":6,"column":2},"end":{"line":9,"column":3}},"2":{"start":{"line":14,"column":2},"end":{"line":22,"column":3}},"3":{"start":{"line":15,"column":4},"end":{"line":21,"column":8}},"4":{"start":{"line":17,"column":8},"end":{"line":17,"column":49}},"5":{"start":{"line":20,"column":8},"end":{"line":20,"column":36}}},"fnMap":{"0":{"name":"setMoviesContent","decl":{"start":{"line":5,"column":16},"end":{"line":5,"column":32}},"loc":{"start":{"line":5,"column":48},"end":{"line":10,"column":1}},"line":5},"1":{"name":"fetchMoviesContent","decl":{"start":{"line":13,"column":16},"end":{"line":13,"column":34}},"loc":{"start":{"line":13,"column":42},"end":{"line":23,"column":1}},"line":13},"2":{"name":"(anonymous_2)","decl":{"start":{"line":14,"column":9},"end":{"line":14,"column":10}},"loc":{"start":{"line":14,"column":23},"end":{"line":22,"column":3}},"line":14},"3":{"name":"(anonymous_3)","decl":{"start":{"line":16,"column":12},"end":{"line":16,"column":13}},"loc":{"start":{"line":16,"column":31},"end":{"line":18,"column":7}},"line":16},"4":{"name":"(anonymous_4)","decl":{"start":{"line":19,"column":13},"end":{"line":19,"column":14}},"loc":{"start":{"line":19,"column":24},"end":{"line":21,"column":7}},"line":19}},"branchMap":{},"s":{"0":5,"1":1,"2":3,"3":2,"4":1,"5":1},"f":{"0":1,"1":3,"2":2,"3":1,"4":1},"b":{},"_coverageSchema":"1a1c01bbd47fc00a2c39e90264f33305004495a9","hash":"b82dcbea24f4a208016c3b4dc1bcbe2c3870d218"}
,"/home/brayden-drummond/Applications/Favourite-album-app/client/actions/play.js": {"path":"/home/brayden-drummond/Applications/Favourite-album-app/client/actions/play.js","statementMap":{"0":{"start":{"line":3,"column":32},"end":{"line":3,"column":50}},"1":{"start":{"line":4,"column":35},"end":{"line":4,"column":56}},"2":{"start":{"line":7,"column":2},"end":{"line":10,"column":3}},"3":{"start":{"line":14,"column":2},"end":{"line":17,"column":3}},"4":{"start":{"line":21,"column":2},"end":{"line":29,"column":3}},"5":{"start":{"line":22,"column":4},"end":{"line":28,"column":8}},"6":{"start":{"line":24,"column":8},"end":{"line":24,"column":45}},"7":{"start":{"line":27,"column":8},"end":{"line":27,"column":36}}},"fnMap":{"0":{"name":"setPlayContent","decl":{"start":{"line":6,"column":16},"end":{"line":6,"column":30}},"loc":{"start":{"line":6,"column":44},"end":{"line":11,"column":1}},"line":6},"1":{"name":"deletePlayContent","decl":{"start":{"line":13,"column":16},"end":{"line":13,"column":33}},"loc":{"start":{"line":13,"column":49},"end":{"line":18,"column":1}},"line":13},"2":{"name":"fetchPlayContent","decl":{"start":{"line":20,"column":16},"end":{"line":20,"column":32}},"loc":{"start":{"line":20,"column":40},"end":{"line":30,"column":1}},"line":20},"3":{"name":"(anonymous_3)","decl":{"start":{"line":21,"column":9},"end":{"line":21,"column":10}},"loc":{"start":{"line":21,"column":23},"end":{"line":29,"column":3}},"line":21},"4":{"name":"(anonymous_4)","decl":{"start":{"line":23,"column":12},"end":{"line":23,"column":13}},"loc":{"start":{"line":23,"column":29},"end":{"line":25,"column":7}},"line":23},"5":{"name":"(anonymous_5)","decl":{"start":{"line":26,"column":13},"end":{"line":26,"column":14}},"loc":{"start":{"line":26,"column":24},"end":{"line":28,"column":7}},"line":26}},"branchMap":{},"s":{"0":4,"1":4,"2":1,"3":2,"4":2,"5":2,"6":1,"7":1},"f":{"0":1,"1":2,"2":2,"3":2,"4":1,"5":1},"b":{},"_coverageSchema":"1a1c01bbd47fc00a2c39e90264f33305004495a9","hash":"0efad949a43f9822dd668693529cb711c1803d03"}
,"/home/brayden-drummond/Applications/Favourite-album-app/client/actions/results.js": {"path":"/home/brayden-drummond/Applications/Favourite-album-app/client/actions/results.js","statementMap":{"0":{"start":{"line":3,"column":35},"end":{"line":3,"column":56}},"1":{"start":{"line":6,"column":2},"end":{"line":9,"column":3}},"2":{"start":{"line":14,"column":2},"end":{"line":22,"column":3}},"3":{"start":{"line":15,"column":4},"end":{"line":21,"column":8}},"4":{"start":{"line":17,"column":8},"end":{"line":17,"column":51}},"5":{"start":{"line":20,"column":8},"end":{"line":20,"column":36}}},"fnMap":{"0":{"name":"setResultsContent","decl":{"start":{"line":5,"column":16},"end":{"line":5,"column":33}},"loc":{"start":{"line":5,"column":50},"end":{"line":10,"column":1}},"line":5},"1":{"name":"fetchResultsContent","decl":{"start":{"line":13,"column":16},"end":{"line":13,"column":35}},"loc":{"start":{"line":13,"column":43},"end":{"line":23,"column":1}},"line":13},"2":{"name":"(anonymous_2)","decl":{"start":{"line":14,"column":9},"end":{"line":14,"column":10}},"loc":{"start":{"line":14,"column":23},"end":{"line":22,"column":3}},"line":14},"3":{"name":"(anonymous_3)","decl":{"start":{"line":16,"column":12},"end":{"line":16,"column":13}},"loc":{"start":{"line":16,"column":32},"end":{"line":18,"column":7}},"line":16},"4":{"name":"(anonymous_4)","decl":{"start":{"line":19,"column":13},"end":{"line":19,"column":14}},"loc":{"start":{"line":19,"column":24},"end":{"line":21,"column":7}},"line":19}},"branchMap":{},"s":{"0":3,"1":1,"2":2,"3":2,"4":1,"5":1},"f":{"0":1,"1":2,"2":2,"3":1,"4":1},"b":{},"_coverageSchema":"1a1c01bbd47fc00a2c39e90264f33305004495a9","hash":"1c7f9adf2c2edfa127869b22ffa168a5a3b550e8"}
,"/home/brayden-drummond/Applications/Favourite-album-app/client/actions/user.js": {"path":"/home/brayden-drummond/Applications/Favourite-album-app/client/actions/user.js","statementMap":{"0":{"start":{"line":3,"column":37},"end":{"line":3,"column":60}},"1":{"start":{"line":4,"column":36},"end":{"line":4,"column":58}},"2":{"start":{"line":7,"column":2},"end":{"line":10,"column":3}},"3":{"start":{"line":14,"column":2},"end":{"line":16,"column":3}},"4":{"start":{"line":20,"column":2},"end":{"line":24,"column":3}},"5":{"start":{"line":21,"column":4},"end":{"line":23,"column":49}},"6":{"start":{"line":22,"column":22},"end":{"line":22,"column":56}},"7":{"start":{"line":23,"column":22},"end":{"line":23,"column":48}}},"fnMap":{"0":{"name":"updateLoggedInUser","decl":{"start":{"line":6,"column":16},"end":{"line":6,"column":34}},"loc":{"start":{"line":6,"column":47},"end":{"line":11,"column":1}},"line":6},"1":{"name":"clearLoggedInUser","decl":{"start":{"line":13,"column":16},"end":{"line":13,"column":33}},"loc":{"start":{"line":13,"column":36},"end":{"line":17,"column":1}},"line":13},"2":{"name":"fetchUser","decl":{"start":{"line":19,"column":16},"end":{"line":19,"column":25}},"loc":{"start":{"line":19,"column":33},"end":{"line":25,"column":1}},"line":19},"3":{"name":"(anonymous_3)","decl":{"start":{"line":20,"column":9},"end":{"line":20,"column":10}},"loc":{"start":{"line":20,"column":23},"end":{"line":24,"column":3}},"line":20},"4":{"name":"(anonymous_4)","decl":{"start":{"line":22,"column":12},"end":{"line":22,"column":13}},"loc":{"start":{"line":22,"column":22},"end":{"line":22,"column":56}},"line":22},"5":{"name":"(anonymous_5)","decl":{"start":{"line":23,"column":13},"end":{"line":23,"column":14}},"loc":{"start":{"line":23,"column":22},"end":{"line":23,"column":48}},"line":23}},"branchMap":{},"s":{"0":2,"1":2,"2":3,"3":1,"4":2,"5":2,"6":1,"7":1},"f":{"0":3,"1":1,"2":2,"3":2,"4":1,"5":1},"b":{},"_coverageSchema":"1a1c01bbd47fc00a2c39e90264f33305004495a9","hash":"5b69811b5525367c12fc91c6206ee786b96d7c42"}
,"/home/brayden-drummond/Applications/Favourite-album-app/client/actions/winner.js": {"path":"/home/brayden-drummond/Applications/Favourite-album-app/client/actions/winner.js","statementMap":{"0":{"start":{"line":3,"column":26},"end":{"line":3,"column":38}},"1":{"start":{"line":6,"column":2},"end":{"line":9,"column":3}},"2":{"start":{"line":13,"column":2},"end":{"line":18,"column":3}},"3":{"start":{"line":14,"column":4},"end":{"line":17,"column":6}},"4":{"start":{"line":15,"column":6},"end":{"line":15,"column":36}},"5":{"start":{"line":16,"column":6},"end":{"line":16,"column":17}}},"fnMap":{"0":{"name":"setResult","decl":{"start":{"line":5,"column":16},"end":{"line":5,"column":25}},"loc":{"start":{"line":5,"column":34},"end":{"line":10,"column":1}},"line":5},"1":{"name":"fetchResult","decl":{"start":{"line":12,"column":16},"end":{"line":12,"column":27}},"loc":{"start":{"line":12,"column":46},"end":{"line":19,"column":1}},"line":12},"2":{"name":"(anonymous_2)","decl":{"start":{"line":13,"column":9},"end":{"line":13,"column":10}},"loc":{"start":{"line":13,"column":23},"end":{"line":18,"column":3}},"line":13},"3":{"name":"(anonymous_3)","decl":{"start":{"line":14,"column":47},"end":{"line":14,"column":48}},"loc":{"start":{"line":14,"column":53},"end":{"line":17,"column":5}},"line":14}},"branchMap":{},"s":{"0":4,"1":3,"2":1,"3":1,"4":1,"5":1},"f":{"0":3,"1":1,"2":1,"3":1},"b":{},"_coverageSchema":"1a1c01bbd47fc00a2c39e90264f33305004495a9","hash":"22143aefa5323dab0d108536c6989d1675feed36"}
,"/home/brayden-drummond/Applications/Favourite-album-app/client/apis/create.js": {"path":"/home/brayden-drummond/Applications/Favourite-album-app/client/apis/create.js","statementMap":{"0":{"start":{"line":3,"column":16},"end":{"line":3,"column":25}},"1":{"start":{"line":6,"column":2},"end":{"line":9,"column":19}}},"fnMap":{"0":{"name":"addNewMovie","decl":{"start":{"line":5,"column":16},"end":{"line":5,"column":27}},"loc":{"start":{"line":5,"column":45},"end":{"line":10,"column":1}},"line":5}},"branchMap":{},"s":{"0":2,"1":1},"f":{"0":1},"b":{},"_coverageSchema":"1a1c01bbd47fc00a2c39e90264f33305004495a9","hash":"58edc6d712b7fd0e2f9d2b14408efd4619f821be"}
,"/home/brayden-drummond/Applications/Favourite-album-app/client/apis/delete.js": {"path":"/home/brayden-drummond/Applications/Favourite-album-app/client/apis/delete.js","statementMap":{"0":{"start":{"line":3,"column":16},"end":{"line":3,"column":25}},"1":{"start":{"line":6,"column":2},"end":{"line":9,"column":16}}},"fnMap":{"0":{"name":"deleteMovieContent","decl":{"start":{"line":5,"column":16},"end":{"line":5,"column":34}},"loc":{"start":{"line":5,"column":49},"end":{"line":10,"column":1}},"line":5}},"branchMap":{},"s":{"0":3,"1":1},"f":{"0":1},"b":{},"_coverageSchema":"1a1c01bbd47fc00a2c39e90264f33305004495a9","hash":"a1e945780306f094a3efffe4b1460ae1420b3db5"}
,"/home/brayden-drummond/Applications/Favourite-album-app/client/apis/home.js": {"path":"/home/brayden-drummond/Applications/Favourite-album-app/client/apis/home.js","statementMap":{"0":{"start":{"line":3,"column":16},"end":{"line":3,"column":25}},"1":{"start":{"line":6,"column":2},"end":{"line":8,"column":4}},"2":{"start":{"line":7,"column":4},"end":{"line":7,"column":19}}},"fnMap":{"0":{"name":"getHomeContent","decl":{"start":{"line":5,"column":16},"end":{"line":5,"column":30}},"loc":{"start":{"line":5,"column":33},"end":{"line":9,"column":1}},"line":5},"1":{"name":"(anonymous_1)","decl":{"start":{"line":6,"column":45},"end":{"line":6,"column":46}},"loc":{"start":{"line":6,"column":54},"end":{"line":8,"column":3}},"line":6}},"branchMap":{},"s":{"0":4,"1":1,"2":1},"f":{"0":1,"1":1},"b":{},"_coverageSchema":"1a1c01bbd47fc00a2c39e90264f33305004495a9","hash":"09a18d2d63435ca15616df2caac93fe39422352d"}
,"/home/brayden-drummond/Applications/Favourite-album-app/client/apis/movies.js": {"path":"/home/brayden-drummond/Applications/Favourite-album-app/client/apis/movies.js","statementMap":{"0":{"start":{"line":3,"column":16},"end":{"line":3,"column":25}},"1":{"start":{"line":6,"column":2},"end":{"line":11,"column":6}},"2":{"start":{"line":10,"column":6},"end":{"line":10,"column":21}}},"fnMap":{"0":{"name":"getMoviesContent","decl":{"start":{"line":5,"column":16},"end":{"line":5,"column":32}},"loc":{"start":{"line":5,"column":40},"end":{"line":12,"column":1}},"line":5},"1":{"name":"(anonymous_1)","decl":{"start":{"line":9,"column":10},"end":{"line":9,"column":11}},"loc":{"start":{"line":9,"column":19},"end":{"line":11,"column":5}},"line":9}},"branchMap":{},"s":{"0":6,"1":1,"2":1},"f":{"0":1,"1":1},"b":{},"_coverageSchema":"1a1c01bbd47fc00a2c39e90264f33305004495a9","hash":"6b1d8e0c86198bccb29c0103a7736d241844cbc7"}
,"/home/brayden-drummond/Applications/Favourite-album-app/client/apis/play.js": {"path":"/home/brayden-drummond/Applications/Favourite-album-app/client/apis/play.js","statementMap":{"0":{"start":{"line":3,"column":16},"end":{"line":3,"column":25}},"1":{"start":{"line":6,"column":2},"end":{"line":11,"column":6}},"2":{"start":{"line":10,"column":6},"end":{"line":10,"column":21}}},"fnMap":{"0":{"name":"getPlayContent","decl":{"start":{"line":5,"column":16},"end":{"line":5,"column":30}},"loc":{"start":{"line":5,"column":38},"end":{"line":12,"column":1}},"line":5},"1":{"name":"(anonymous_1)","decl":{"start":{"line":9,"column":10},"end":{"line":9,"column":11}},"loc":{"start":{"line":9,"column":19},"end":{"line":11,"column":5}},"line":9}},"branchMap":{},"s":{"0":5,"1":1,"2":1},"f":{"0":1,"1":1},"b":{},"_coverageSchema":"1a1c01bbd47fc00a2c39e90264f33305004495a9","hash":"e6dc893823bea09eb7397d55e6510b409fa58891"}
,"/home/brayden-drummond/Applications/Favourite-album-app/client/apis/results.js": {"path":"/home/brayden-drummond/Applications/Favourite-album-app/client/apis/results.js","statementMap":{"0":{"start":{"line":3,"column":16},"end":{"line":3,"column":25}},"1":{"start":{"line":6,"column":2},"end":{"line":11,"column":6}},"2":{"start":{"line":10,"column":6},"end":{"line":10,"column":21}}},"fnMap":{"0":{"name":"getResultsContent","decl":{"start":{"line":5,"column":16},"end":{"line":5,"column":33}},"loc":{"start":{"line":5,"column":41},"end":{"line":12,"column":1}},"line":5},"1":{"name":"(anonymous_1)","decl":{"start":{"line":9,"column":10},"end":{"line":9,"column":11}},"loc":{"start":{"line":9,"column":19},"end":{"line":11,"column":5}},"line":9}},"branchMap":{},"s":{"0":4,"1":1,"2":1},"f":{"0":1,"1":1},"b":{},"_coverageSchema":"1a1c01bbd47fc00a2c39e90264f33305004495a9","hash":"ad407cd8ef5b10365ecfa5773df044975ed5f414"}
,"/home/brayden-drummond/Applications/Favourite-album-app/client/apis/user.js": {"path":"/home/brayden-drummond/Applications/Favourite-album-app/client/apis/user.js","statementMap":{"0":{"start":{"line":3,"column":16},"end":{"line":3,"column":25}},"1":{"start":{"line":6,"column":2},"end":{"line":10,"column":47}},"2":{"start":{"line":9,"column":19},"end":{"line":9,"column":27}},"3":{"start":{"line":10,"column":20},"end":{"line":10,"column":46}},"4":{"start":{"line":14,"column":2},"end":{"line":19,"column":47}},"5":{"start":{"line":18,"column":19},"end":{"line":18,"column":27}},"6":{"start":{"line":19,"column":20},"end":{"line":19,"column":46}}},"fnMap":{"0":{"name":"getUser","decl":{"start":{"line":5,"column":16},"end":{"line":5,"column":23}},"loc":{"start":{"line":5,"column":31},"end":{"line":11,"column":1}},"line":5},"1":{"name":"(anonymous_1)","decl":{"start":{"line":9,"column":10},"end":{"line":9,"column":11}},"loc":{"start":{"line":9,"column":19},"end":{"line":9,"column":27}},"line":9},"2":{"name":"(anonymous_2)","decl":{"start":{"line":10,"column":11},"end":{"line":10,"column":12}},"loc":{"start":{"line":10,"column":20},"end":{"line":10,"column":46}},"line":10},"3":{"name":"addUser","decl":{"start":{"line":13,"column":16},"end":{"line":13,"column":23}},"loc":{"start":{"line":13,"column":37},"end":{"line":20,"column":1}},"line":13},"4":{"name":"(anonymous_4)","decl":{"start":{"line":18,"column":10},"end":{"line":18,"column":11}},"loc":{"start":{"line":18,"column":19},"end":{"line":18,"column":27}},"line":18},"5":{"name":"(anonymous_5)","decl":{"start":{"line":19,"column":11},"end":{"line":19,"column":12}},"loc":{"start":{"line":19,"column":20},"end":{"line":19,"column":46}},"line":19}},"branchMap":{},"s":{"0":3,"1":2,"2":1,"3":1,"4":2,"5":1,"6":1},"f":{"0":2,"1":1,"2":1,"3":2,"4":1,"5":1},"b":{},"_coverageSchema":"1a1c01bbd47fc00a2c39e90264f33305004495a9","hash":"ccd6d129f50802ff488d78c4535518d300a686d3"}
,"/home/brayden-drummond/Applications/Favourite-album-app/client/apis/winner.js": {"path":"/home/brayden-drummond/Applications/Favourite-album-app/client/apis/winner.js","statementMap":{"0":{"start":{"line":3,"column":16},"end":{"line":3,"column":25}},"1":{"start":{"line":6,"column":2},"end":{"line":9,"column":38}}},"fnMap":{"0":{"name":"addNewResult","decl":{"start":{"line":5,"column":16},"end":{"line":5,"column":28}},"loc":{"start":{"line":5,"column":47},"end":{"line":10,"column":1}},"line":5}},"branchMap":{},"s":{"0":5,"1":1},"f":{"0":1},"b":{},"_coverageSchema":"1a1c01bbd47fc00a2c39e90264f33305004495a9","hash":"3cecac07cfa3367dce56700f830605b536e605e3"}
,"/home/brayden-drummond/Applications/Favourite-album-app/client/components/Home.jsx": {"path":"/home/brayden-drummond/Applications/Favourite-album-app/client/components/Home.jsx","statementMap":{"0":{"start":{"line":9,"column":19},"end":{"line":9,"column":32}},"1":{"start":{"line":10,"column":22},"end":{"line":10,"column":56}},"2":{"start":{"line":10,"column":45},"end":{"line":10,"column":55}},"3":{"start":{"line":12,"column":2},"end":{"line":12,"column":51}},"4":{"start":{"line":12,"column":18},"end":{"line":12,"column":46}},"5":{"start":{"line":13,"column":2},"end":{"line":31,"column":3}}},"fnMap":{"0":{"name":"Home","decl":{"start":{"line":8,"column":24},"end":{"line":8,"column":28}},"loc":{"start":{"line":8,"column":31},"end":{"line":32,"column":1}},"line":8},"1":{"name":"(anonymous_1)","decl":{"start":{"line":10,"column":34},"end":{"line":10,"column":35}},"loc":{"start":{"line":10,"column":45},"end":{"line":10,"column":55}},"line":10},"2":{"name":"(anonymous_2)","decl":{"start":{"line":12,"column":12},"end":{"line":12,"column":13}},"loc":{"start":{"line":12,"column":18},"end":{"line":12,"column":46}},"line":12}},"branchMap":{},"s":{"0":3,"1":3,"2":6,"3":3,"4":3,"5":3},"f":{"0":3,"1":6,"2":3},"b":{},"_coverageSchema":"1a1c01bbd47fc00a2c39e90264f33305004495a9","hash":"4a4a65bd7bc571e2b8d787bfaa3dbeb05fcaf44c"}
,"/home/brayden-drummond/Applications/Favourite-album-app/client/components/MovieTile.jsx": {"path":"/home/brayden-drummond/Applications/Favourite-album-app/client/components/MovieTile.jsx","statementMap":{"0":{"start":{"line":8,"column":19},"end":{"line":8,"column":32}},"1":{"start":{"line":9,"column":19},"end":{"line":9,"column":32}},"2":{"start":{"line":11,"column":17},"end":{"line":11,"column":51}},"3":{"start":{"line":11,"column":40},"end":{"line":11,"column":50}},"4":{"start":{"line":12,"column":16},"end":{"line":12,"column":57}},"5":{"start":{"line":12,"column":39},"end":{"line":12,"column":56}},"6":{"start":{"line":14,"column":17},"end":{"line":14,"column":26}},"7":{"start":{"line":15,"column":17},"end":{"line":15,"column":26}},"8":{"start":{"line":17,"column":2},"end":{"line":21,"column":13}},"9":{"start":{"line":18,"column":4},"end":{"line":20,"column":5}},"10":{"start":{"line":19,"column":6},"end":{"line":19,"column":39}},"11":{"start":{"line":23,"column":2},"end":{"line":27,"column":14}},"12":{"start":{"line":24,"column":4},"end":{"line":26,"column":5}},"13":{"start":{"line":25,"column":6},"end":{"line":25,"column":25}},"14":{"start":{"line":30,"column":4},"end":{"line":30,"column":40}},"15":{"start":{"line":33,"column":2},"end":{"line":63,"column":3}},"16":{"start":{"line":37,"column":23},"end":{"line":37,"column":46}},"17":{"start":{"line":52,"column":23},"end":{"line":52,"column":46}}},"fnMap":{"0":{"name":"FoodTile","decl":{"start":{"line":7,"column":24},"end":{"line":7,"column":32}},"loc":{"start":{"line":7,"column":35},"end":{"line":64,"column":1}},"line":7},"1":{"name":"(anonymous_1)","decl":{"start":{"line":11,"column":29},"end":{"line":11,"column":30}},"loc":{"start":{"line":11,"column":40},"end":{"line":11,"column":50}},"line":11},"2":{"name":"(anonymous_2)","decl":{"start":{"line":12,"column":28},"end":{"line":12,"column":29}},"loc":{"start":{"line":12,"column":39},"end":{"line":12,"column":56}},"line":12},"3":{"name":"(anonymous_3)","decl":{"start":{"line":17,"column":12},"end":{"line":17,"column":13}},"loc":{"start":{"line":17,"column":18},"end":{"line":21,"column":3}},"line":17},"4":{"name":"(anonymous_4)","decl":{"start":{"line":23,"column":12},"end":{"line":23,"column":13}},"loc":{"start":{"line":23,"column":18},"end":{"line":27,"column":3}},"line":23},"5":{"name":"removeMovie","decl":{"start":{"line":29,"column":11},"end":{"line":29,"column":22}},"loc":{"start":{"line":29,"column":32},"end":{"line":31,"column":3}},"line":29},"6":{"name":"(anonymous_6)","decl":{"start":{"line":37,"column":17},"end":{"line":37,"column":18}},"loc":{"start":{"line":37,"column":23},"end":{"line":37,"column":46}},"line":37},"7":{"name":"(anonymous_7)","decl":{"start":{"line":52,"column":17},"end":{"line":52,"column":18}},"loc":{"start":{"line":52,"column":23},"end":{"line":52,"column":46}},"line":52}},"branchMap":{"0":{"loc":{"start":{"line":18,"column":4},"end":{"line":20,"column":5}},"type":"if","locations":[{"start":{"line":18,"column":4},"end":{"line":20,"column":5}},{"start":{},"end":{}}],"line":18},"1":{"loc":{"start":{"line":24,"column":4},"end":{"line":26,"column":5}},"type":"if","locations":[{"start":{"line":24,"column":4},"end":{"line":26,"column":5}},{"start":{},"end":{}}],"line":24}},"s":{"0":4,"1":4,"2":4,"3":8,"4":4,"5":8,"6":4,"7":4,"8":4,"9":4,"10":4,"11":4,"12":4,"13":0,"14":2,"15":4,"16":1,"17":1},"f":{"0":4,"1":8,"2":8,"3":4,"4":4,"5":2,"6":1,"7":1},"b":{"0":[4,0],"1":[0,4]},"_coverageSchema":"1a1c01bbd47fc00a2c39e90264f33305004495a9","hash":"14b294a0b66c153b198fe62b83623b2f68f47032"}
,"/home/brayden-drummond/Applications/Favourite-album-app/client/components/Movies.jsx": {"path":"/home/brayden-drummond/Applications/Favourite-album-app/client/components/Movies.jsx","statementMap":{"0":{"start":{"line":9,"column":19},"end":{"line":9,"column":32}},"1":{"start":{"line":10,"column":17},"end":{"line":10,"column":53}},"2":{"start":{"line":10,"column":40},"end":{"line":10,"column":52}},"3":{"start":{"line":11,"column":16},"end":{"line":11,"column":57}},"4":{"start":{"line":11,"column":39},"end":{"line":11,"column":56}},"5":{"start":{"line":12,"column":15},"end":{"line":12,"column":49}},"6":{"start":{"line":12,"column":38},"end":{"line":12,"column":48}},"7":{"start":{"line":14,"column":28},"end":{"line":14,"column":40}},"8":{"start":{"line":16,"column":2},"end":{"line":18,"column":13}},"9":{"start":{"line":17,"column":4},"end":{"line":17,"column":39}},"10":{"start":{"line":19,"column":2},"end":{"line":54,"column":3}},"11":{"start":{"line":24,"column":10},"end":{"line":50,"column":11}},"12":{"start":{"line":38,"column":22},"end":{"line":40,"column":62}},"13":{"start":{"line":39,"column":36},"end":{"line":39,"column":48}},"14":{"start":{"line":40,"column":40},"end":{"line":40,"column":61}}},"fnMap":{"0":{"name":"Results","decl":{"start":{"line":8,"column":24},"end":{"line":8,"column":31}},"loc":{"start":{"line":8,"column":34},"end":{"line":55,"column":1}},"line":8},"1":{"name":"(anonymous_1)","decl":{"start":{"line":10,"column":29},"end":{"line":10,"column":30}},"loc":{"start":{"line":10,"column":40},"end":{"line":10,"column":52}},"line":10},"2":{"name":"(anonymous_2)","decl":{"start":{"line":11,"column":28},"end":{"line":11,"column":29}},"loc":{"start":{"line":11,"column":39},"end":{"line":11,"column":56}},"line":11},"3":{"name":"(anonymous_3)","decl":{"start":{"line":12,"column":27},"end":{"line":12,"column":28}},"loc":{"start":{"line":12,"column":38},"end":{"line":12,"column":48}},"line":12},"4":{"name":"(anonymous_4)","decl":{"start":{"line":16,"column":12},"end":{"line":16,"column":13}},"loc":{"start":{"line":16,"column":18},"end":{"line":18,"column":3}},"line":16},"5":{"name":"(anonymous_5)","decl":{"start":{"line":23,"column":20},"end":{"line":23,"column":21}},"loc":{"start":{"line":23,"column":34},"end":{"line":51,"column":9}},"line":23},"6":{"name":"(anonymous_6)","decl":{"start":{"line":37,"column":29},"end":{"line":37,"column":30}},"loc":{"start":{"line":38,"column":22},"end":{"line":40,"column":62}},"line":38},"7":{"name":"(anonymous_7)","decl":{"start":{"line":39,"column":30},"end":{"line":39,"column":31}},"loc":{"start":{"line":39,"column":36},"end":{"line":39,"column":48}},"line":39},"8":{"name":"(anonymous_8)","decl":{"start":{"line":40,"column":31},"end":{"line":40,"column":32}},"loc":{"start":{"line":40,"column":40},"end":{"line":40,"column":61}},"line":40}},"branchMap":{"0":{"loc":{"start":{"line":34,"column":17},"end":{"line":47,"column":17}},"type":"cond-expr","locations":[{"start":{"line":35,"column":18},"end":{"line":44,"column":27}},{"start":{"line":46,"column":18},"end":{"line":46,"column":25}}],"line":34}},"s":{"0":1,"1":1,"2":0,"3":1,"4":0,"5":1,"6":0,"7":1,"8":1,"9":1,"10":1,"11":2,"12":0,"13":0,"14":0},"f":{"0":1,"1":0,"2":0,"3":0,"4":1,"5":2,"6":0,"7":0,"8":0},"b":{"0":[2,0]},"_coverageSchema":"1a1c01bbd47fc00a2c39e90264f33305004495a9","hash":"846f1dbce0bf5bd16678c68ea63a70aced9287e0"}
,"/home/brayden-drummond/Applications/Favourite-album-app/client/components/Play.jsx": {"path":"/home/brayden-drummond/Applications/Favourite-album-app/client/components/Play.jsx","statementMap":{"0":{"start":{"line":6,"column":2},"end":{"line":11,"column":3}}},"fnMap":{"0":{"name":"Play","decl":{"start":{"line":5,"column":24},"end":{"line":5,"column":28}},"loc":{"start":{"line":5,"column":31},"end":{"line":12,"column":1}},"line":5}},"branchMap":{},"s":{"0":3},"f":{"0":3},"b":{},"_coverageSchema":"1a1c01bbd47fc00a2c39e90264f33305004495a9","hash":"732d73530cc96ab09d216524f43d22ef14376ce8"}
,"/home/brayden-drummond/Applications/Favourite-album-app/client/components/Results.jsx": {"path":"/home/brayden-drummond/Applications/Favourite-album-app/client/components/Results.jsx","statementMap":{"0":{"start":{"line":7,"column":19},"end":{"line":7,"column":32}},"1":{"start":{"line":8,"column":18},"end":{"line":8,"column":55}},"2":{"start":{"line":8,"column":41},"end":{"line":8,"column":54}},"3":{"start":{"line":9,"column":16},"end":{"line":9,"column":57}},"4":{"start":{"line":9,"column":39},"end":{"line":9,"column":56}},"5":{"start":{"line":11,"column":2},"end":{"line":13,"column":8}},"6":{"start":{"line":12,"column":4},"end":{"line":12,"column":40}},"7":{"start":{"line":14,"column":2},"end":{"line":33,"column":3}},"8":{"start":{"line":19,"column":10},"end":{"line":29,"column":11}}},"fnMap":{"0":{"name":"Results","decl":{"start":{"line":6,"column":24},"end":{"line":6,"column":31}},"loc":{"start":{"line":6,"column":34},"end":{"line":34,"column":1}},"line":6},"1":{"name":"(anonymous_1)","decl":{"start":{"line":8,"column":30},"end":{"line":8,"column":31}},"loc":{"start":{"line":8,"column":41},"end":{"line":8,"column":54}},"line":8},"2":{"name":"(anonymous_2)","decl":{"start":{"line":9,"column":28},"end":{"line":9,"column":29}},"loc":{"start":{"line":9,"column":39},"end":{"line":9,"column":56}},"line":9},"3":{"name":"(anonymous_3)","decl":{"start":{"line":11,"column":12},"end":{"line":11,"column":13}},"loc":{"start":{"line":11,"column":18},"end":{"line":13,"column":3}},"line":11},"4":{"name":"(anonymous_4)","decl":{"start":{"line":18,"column":21},"end":{"line":18,"column":22}},"loc":{"start":{"line":18,"column":36},"end":{"line":30,"column":9}},"line":18}},"branchMap":{},"s":{"0":1,"1":1,"2":0,"3":1,"4":0,"5":1,"6":1,"7":1,"8":2},"f":{"0":1,"1":0,"2":0,"3":1,"4":2},"b":{},"_coverageSchema":"1a1c01bbd47fc00a2c39e90264f33305004495a9","hash":"fafe1023032565b266b7eda213bd72d07f37cedc"}
,"/home/brayden-drummond/Applications/Favourite-album-app/client/components/Winner.jsx": {"path":"/home/brayden-drummond/Applications/Favourite-album-app/client/components/Winner.jsx","statementMap":{"0":{"start":{"line":8,"column":15},"end":{"line":8,"column":49}},"1":{"start":{"line":8,"column":38},"end":{"line":8,"column":48}},"2":{"start":{"line":9,"column":17},"end":{"line":9,"column":53}},"3":{"start":{"line":9,"column":40},"end":{"line":9,"column":52}},"4":{"start":{"line":10,"column":16},"end":{"line":10,"column":57}},"5":{"start":{"line":10,"column":39},"end":{"line":10,"column":56}},"6":{"start":{"line":12,"column":19},"end":{"line":12,"column":32}},"7":{"start":{"line":13,"column":19},"end":{"line":13,"column":32}},"8":{"start":{"line":15,"column":2},"end":{"line":21,"column":13}},"9":{"start":{"line":16,"column":4},"end":{"line":20,"column":5}},"10":{"start":{"line":17,"column":6},"end":{"line":17,"column":43}},"11":{"start":{"line":19,"column":6},"end":{"line":19,"column":23}},"12":{"start":{"line":23,"column":2},"end":{"line":38,"column":3}}},"fnMap":{"0":{"name":"Winner","decl":{"start":{"line":7,"column":24},"end":{"line":7,"column":30}},"loc":{"start":{"line":7,"column":33},"end":{"line":39,"column":1}},"line":7},"1":{"name":"(anonymous_1)","decl":{"start":{"line":8,"column":27},"end":{"line":8,"column":28}},"loc":{"start":{"line":8,"column":38},"end":{"line":8,"column":48}},"line":8},"2":{"name":"(anonymous_2)","decl":{"start":{"line":9,"column":29},"end":{"line":9,"column":30}},"loc":{"start":{"line":9,"column":40},"end":{"line":9,"column":52}},"line":9},"3":{"name":"(anonymous_3)","decl":{"start":{"line":10,"column":28},"end":{"line":10,"column":29}},"loc":{"start":{"line":10,"column":39},"end":{"line":10,"column":56}},"line":10},"4":{"name":"(anonymous_4)","decl":{"start":{"line":15,"column":12},"end":{"line":15,"column":13}},"loc":{"start":{"line":15,"column":18},"end":{"line":21,"column":3}},"line":15}},"branchMap":{"0":{"loc":{"start":{"line":16,"column":4},"end":{"line":20,"column":5}},"type":"if","locations":[{"start":{"line":16,"column":4},"end":{"line":20,"column":5}},{"start":{"line":18,"column":11},"end":{"line":20,"column":5}}],"line":16}},"s":{"0":1,"1":0,"2":1,"3":0,"4":1,"5":0,"6":1,"7":1,"8":1,"9":1,"10":1,"11":0,"12":1},"f":{"0":1,"1":0,"2":0,"3":0,"4":1},"b":{"0":[1,0]},"_coverageSchema":"1a1c01bbd47fc00a2c39e90264f33305004495a9","hash":"16bd6a02a9d5ebfd1f862722d8b83d228b6cadae"}
,"/home/brayden-drummond/Applications/Favourite-album-app/client/reducers/create.js": {"path":"/home/brayden-drummond/Applications/Favourite-album-app/client/reducers/create.js","statementMap":{"0":{"start":{"line":3,"column":21},"end":{"line":3,"column":23}},"1":{"start":{"line":5,"column":16},"end":{"line":13,"column":1}},"2":{"start":{"line":6,"column":28},"end":{"line":6,"column":34}},"3":{"start":{"line":7,"column":2},"end":{"line":12,"column":3}},"4":{"start":{"line":9,"column":6},"end":{"line":9,"column":20}},"5":{"start":{"line":11,"column":6},"end":{"line":11,"column":18}}},"fnMap":{"0":{"name":"(anonymous_0)","decl":{"start":{"line":5,"column":16},"end":{"line":5,"column":17}},"loc":{"start":{"line":5,"column":50},"end":{"line":13,"column":1}},"line":5}},"branchMap":{"0":{"loc":{"start":{"line":5,"column":17},"end":{"line":5,"column":37}},"type":"default-arg","locations":[{"start":{"line":5,"column":25},"end":{"line":5,"column":37}}],"line":5},"1":{"loc":{"start":{"line":7,"column":2},"end":{"line":12,"column":3}},"type":"switch","locations":[{"start":{"line":8,"column":4},"end":{"line":9,"column":20}},{"start":{"line":10,"column":4},"end":{"line":11,"column":18}}],"line":7}},"s":{"0":1,"1":1,"2":2,"3":2,"4":1,"5":1},"f":{"0":2},"b":{"0":[1],"1":[1,1]},"_coverageSchema":"1a1c01bbd47fc00a2c39e90264f33305004495a9","hash":"431131a625a2f633ee39bca7f9e8df299789ab13"}
,"/home/brayden-drummond/Applications/Favourite-album-app/client/reducers/home.js": {"path":"/home/brayden-drummond/Applications/Favourite-album-app/client/reducers/home.js","statementMap":{"0":{"start":{"line":3,"column":21},"end":{"line":3,"column":23}},"1":{"start":{"line":5,"column":13},"end":{"line":14,"column":1}},"2":{"start":{"line":6,"column":28},"end":{"line":6,"column":34}},"3":{"start":{"line":8,"column":2},"end":{"line":13,"column":3}},"4":{"start":{"line":10,"column":6},"end":{"line":10,"column":20}},"5":{"start":{"line":12,"column":6},"end":{"line":12,"column":18}}},"fnMap":{"0":{"name":"(anonymous_0)","decl":{"start":{"line":5,"column":13},"end":{"line":5,"column":14}},"loc":{"start":{"line":5,"column":47},"end":{"line":14,"column":1}},"line":5}},"branchMap":{"0":{"loc":{"start":{"line":5,"column":14},"end":{"line":5,"column":34}},"type":"default-arg","locations":[{"start":{"line":5,"column":22},"end":{"line":5,"column":34}}],"line":5},"1":{"loc":{"start":{"line":8,"column":2},"end":{"line":13,"column":3}},"type":"switch","locations":[{"start":{"line":9,"column":4},"end":{"line":10,"column":20}},{"start":{"line":11,"column":4},"end":{"line":12,"column":18}}],"line":8}},"s":{"0":1,"1":1,"2":2,"3":2,"4":1,"5":1},"f":{"0":2},"b":{"0":[1],"1":[1,1]},"_coverageSchema":"1a1c01bbd47fc00a2c39e90264f33305004495a9","hash":"63e0526f39fd9e4a4d9f998dd509f6068a62708e"}
,"/home/brayden-drummond/Applications/Favourite-album-app/client/reducers/movies.js": {"path":"/home/brayden-drummond/Applications/Favourite-album-app/client/reducers/movies.js","statementMap":{"0":{"start":{"line":3,"column":21},"end":{"line":3,"column":23}},"1":{"start":{"line":5,"column":16},"end":{"line":14,"column":1}},"2":{"start":{"line":6,"column":28},"end":{"line":6,"column":34}},"3":{"start":{"line":8,"column":2},"end":{"line":13,"column":3}},"4":{"start":{"line":10,"column":6},"end":{"line":10,"column":20}},"5":{"start":{"line":12,"column":6},"end":{"line":12,"column":18}}},"fnMap":{"0":{"name":"(anonymous_0)","decl":{"start":{"line":5,"column":16},"end":{"line":5,"column":17}},"loc":{"start":{"line":5,"column":50},"end":{"line":14,"column":1}},"line":5}},"branchMap":{"0":{"loc":{"start":{"line":5,"column":17},"end":{"line":5,"column":37}},"type":"default-arg","locations":[{"start":{"line":5,"column":25},"end":{"line":5,"column":37}}],"line":5},"1":{"loc":{"start":{"line":8,"column":2},"end":{"line":13,"column":3}},"type":"switch","locations":[{"start":{"line":9,"column":4},"end":{"line":10,"column":20}},{"start":{"line":11,"column":4},"end":{"line":12,"column":18}}],"line":8}},"s":{"0":1,"1":1,"2":2,"3":2,"4":1,"5":1},"f":{"0":2},"b":{"0":[1],"1":[1,1]},"_coverageSchema":"1a1c01bbd47fc00a2c39e90264f33305004495a9","hash":"2f04911b29e32ec30d4b4049b30678f49ceb3009"}
,"/home/brayden-drummond/Applications/Favourite-album-app/client/reducers/play.js": {"path":"/home/brayden-drummond/Applications/Favourite-album-app/client/reducers/play.js","statementMap":{"0":{"start":{"line":4,"column":21},"end":{"line":4,"column":23}},"1":{"start":{"line":6,"column":16},"end":{"line":20,"column":1}},"2":{"start":{"line":7,"column":28},"end":{"line":7,"column":34}},"3":{"start":{"line":8,"column":2},"end":{"line":19,"column":3}},"4":{"start":{"line":10,"column":6},"end":{"line":10,"column":20}},"5":{"start":{"line":12,"column":6},"end":{"line":12,"column":15}},"6":{"start":{"line":14,"column":6},"end":{"line":16,"column":40}},"7":{"start":{"line":15,"column":27},"end":{"line":15,"column":47}},"8":{"start":{"line":16,"column":20},"end":{"line":16,"column":39}},"9":{"start":{"line":18,"column":6},"end":{"line":18,"column":18}}},"fnMap":{"0":{"name":"(anonymous_0)","decl":{"start":{"line":6,"column":16},"end":{"line":6,"column":17}},"loc":{"start":{"line":6,"column":50},"end":{"line":20,"column":1}},"line":6},"1":{"name":"(anonymous_1)","decl":{"start":{"line":15,"column":16},"end":{"line":15,"column":17}},"loc":{"start":{"line":15,"column":27},"end":{"line":15,"column":47}},"line":15},"2":{"name":"(anonymous_2)","decl":{"start":{"line":16,"column":14},"end":{"line":16,"column":15}},"loc":{"start":{"line":16,"column":20},"end":{"line":16,"column":39}},"line":16}},"branchMap":{"0":{"loc":{"start":{"line":6,"column":17},"end":{"line":6,"column":37}},"type":"default-arg","locations":[{"start":{"line":6,"column":25},"end":{"line":6,"column":37}}],"line":6},"1":{"loc":{"start":{"line":8,"column":2},"end":{"line":19,"column":3}},"type":"switch","locations":[{"start":{"line":9,"column":4},"end":{"line":10,"column":20}},{"start":{"line":11,"column":4},"end":{"line":12,"column":15}},{"start":{"line":13,"column":4},"end":{"line":16,"column":40}},{"start":{"line":17,"column":4},"end":{"line":18,"column":18}}],"line":8}},"s":{"0":1,"1":1,"2":4,"3":4,"4":1,"5":1,"6":1,"7":2,"8":0,"9":1},"f":{"0":4,"1":2,"2":0},"b":{"0":[1],"1":[1,1,1,1]},"_coverageSchema":"1a1c01bbd47fc00a2c39e90264f33305004495a9","hash":"ec2c082312cafb17e78bca6ed9f2203beab40bcd"}
,"/home/brayden-drummond/Applications/Favourite-album-app/client/reducers/results.js": {"path":"/home/brayden-drummond/Applications/Favourite-album-app/client/reducers/results.js","statementMap":{"0":{"start":{"line":3,"column":21},"end":{"line":3,"column":23}},"1":{"start":{"line":5,"column":16},"end":{"line":14,"column":1}},"2":{"start":{"line":6,"column":28},"end":{"line":6,"column":34}},"3":{"start":{"line":8,"column":2},"end":{"line":13,"column":3}},"4":{"start":{"line":10,"column":6},"end":{"line":10,"column":20}},"5":{"start":{"line":12,"column":6},"end":{"line":12,"column":18}}},"fnMap":{"0":{"name":"(anonymous_0)","decl":{"start":{"line":5,"column":16},"end":{"line":5,"column":17}},"loc":{"start":{"line":5,"column":50},"end":{"line":14,"column":1}},"line":5}},"branchMap":{"0":{"loc":{"start":{"line":5,"column":17},"end":{"line":5,"column":37}},"type":"default-arg","locations":[{"start":{"line":5,"column":25},"end":{"line":5,"column":37}}],"line":5},"1":{"loc":{"start":{"line":8,"column":2},"end":{"line":13,"column":3}},"type":"switch","locations":[{"start":{"line":9,"column":4},"end":{"line":10,"column":20}},{"start":{"line":11,"column":4},"end":{"line":12,"column":18}}],"line":8}},"s":{"0":1,"1":1,"2":2,"3":2,"4":1,"5":1},"f":{"0":2},"b":{"0":[1],"1":[1,1]},"_coverageSchema":"1a1c01bbd47fc00a2c39e90264f33305004495a9","hash":"3fd90b9a9798fca0b4400f17c5e83be6b1188bd2"}
,"/home/brayden-drummond/Applications/Favourite-album-app/client/reducers/user.js": {"path":"/home/brayden-drummond/Applications/Favourite-album-app/client/reducers/user.js","statementMap":{"0":{"start":{"line":3,"column":18},"end":{"line":3,"column":20}},"1":{"start":{"line":6,"column":28},"end":{"line":6,"column":34}},"2":{"start":{"line":8,"column":2},"end":{"line":15,"column":3}},"3":{"start":{"line":10,"column":6},"end":{"line":10,"column":37}},"4":{"start":{"line":12,"column":6},"end":{"line":12,"column":22}},"5":{"start":{"line":14,"column":6},"end":{"line":14,"column":18}}},"fnMap":{"0":{"name":"user","decl":{"start":{"line":5,"column":24},"end":{"line":5,"column":28}},"loc":{"start":{"line":5,"column":56},"end":{"line":16,"column":1}},"line":5}},"branchMap":{"0":{"loc":{"start":{"line":5,"column":29},"end":{"line":5,"column":46}},"type":"default-arg","locations":[{"start":{"line":5,"column":37},"end":{"line":5,"column":46}}],"line":5},"1":{"loc":{"start":{"line":8,"column":2},"end":{"line":15,"column":3}},"type":"switch","locations":[{"start":{"line":9,"column":4},"end":{"line":10,"column":37}},{"start":{"line":11,"column":4},"end":{"line":12,"column":22}},{"start":{"line":13,"column":4},"end":{"line":14,"column":18}}],"line":8}},"s":{"0":1,"1":3,"2":3,"3":1,"4":1,"5":1},"f":{"0":3},"b":{"0":[0],"1":[1,1,1]},"_coverageSchema":"1a1c01bbd47fc00a2c39e90264f33305004495a9","hash":"00cec0d3bca270cadfb83927b8e83a2d022379ec"}
,"/home/brayden-drummond/Applications/Favourite-album-app/client/reducers/winner.js": {"path":"/home/brayden-drummond/Applications/Favourite-album-app/client/reducers/winner.js","statementMap":{"0":{"start":{"line":3,"column":21},"end":{"line":3,"column":23}},"1":{"start":{"line":5,"column":16},"end":{"line":13,"column":1}},"2":{"start":{"line":6,"column":28},"end":{"line":6,"column":34}},"3":{"start":{"line":7,"column":2},"end":{"line":12,"column":3}},"4":{"start":{"line":9,"column":6},"end":{"line":9,"column":20}},"5":{"start":{"line":11,"column":6},"end":{"line":11,"column":18}}},"fnMap":{"0":{"name":"(anonymous_0)","decl":{"start":{"line":5,"column":16},"end":{"line":5,"column":17}},"loc":{"start":{"line":5,"column":50},"end":{"line":13,"column":1}},"line":5}},"branchMap":{"0":{"loc":{"start":{"line":5,"column":17},"end":{"line":5,"column":37}},"type":"default-arg","locations":[{"start":{"line":5,"column":25},"end":{"line":5,"column":37}}],"line":5},"1":{"loc":{"start":{"line":7,"column":2},"end":{"line":12,"column":3}},"type":"switch","locations":[{"start":{"line":8,"column":4},"end":{"line":9,"column":20}},{"start":{"line":10,"column":4},"end":{"line":11,"column":18}}],"line":7}},"s":{"0":1,"1":1,"2":2,"3":2,"4":1,"5":1},"f":{"0":2},"b":{"0":[1],"1":[1,1]},"_coverageSchema":"1a1c01bbd47fc00a2c39e90264f33305004495a9","hash":"5d152be93cbc0f0f1dba8549163281cddaf21562"}
,"/home/brayden-drummond/Applications/Favourite-album-app/server/auth0.js": {"path":"/home/brayden-drummond/Applications/Favourite-album-app/server/auth0.js","statementMap":{"0":{"start":{"line":1,"column":12},"end":{"line":1,"column":34}},"1":{"start":{"line":2,"column":13},"end":{"line":2,"column":32}},"2":{"start":{"line":4,"column":15},"end":{"line":4,"column":59}},"3":{"start":{"line":5,"column":17},"end":{"line":5,"column":37}},"4":{"start":{"line":7,"column":17},"end":{"line":17,"column":2}},"5":{"start":{"line":19,"column":0},"end":{"line":19,"column":25}}},"fnMap":{},"branchMap":{},"s":{"0":7,"1":7,"2":7,"3":7,"4":7,"5":7},"f":{},"b":{},"_coverageSchema":"1a1c01bbd47fc00a2c39e90264f33305004495a9","hash":"24e6dc58f5046527676549740593e66c329ff201"}
,"/home/brayden-drummond/Applications/Favourite-album-app/server/db/create.js": {"path":"/home/brayden-drummond/Applications/Favourite-album-app/server/db/create.js","statementMap":{"0":{"start":{"line":1,"column":19},"end":{"line":1,"column":42}},"1":{"start":{"line":4,"column":2},"end":{"line":4,"column":35}},"2":{"start":{"line":7,"column":0},"end":{"line":7,"column":29}}},"fnMap":{"0":{"name":"addMovie","decl":{"start":{"line":3,"column":9},"end":{"line":3,"column":17}},"loc":{"start":{"line":3,"column":42},"end":{"line":5,"column":1}},"line":3}},"branchMap":{"0":{"loc":{"start":{"line":3,"column":25},"end":{"line":3,"column":40}},"type":"default-arg","locations":[{"start":{"line":3,"column":30},"end":{"line":3,"column":40}}],"line":3}},"s":{"0":8,"1":1,"2":8},"f":{"0":1},"b":{"0":[0]},"_coverageSchema":"1a1c01bbd47fc00a2c39e90264f33305004495a9","hash":"c1e5bf77b7e803e984aa3a32237e3aafbf65f540"}
,"/home/brayden-drummond/Applications/Favourite-album-app/server/db/delete.js": {"path":"/home/brayden-drummond/Applications/Favourite-album-app/server/db/delete.js","statementMap":{"0":{"start":{"line":1,"column":19},"end":{"line":1,"column":42}},"1":{"start":{"line":4,"column":2},"end":{"line":4,"column":46}},"2":{"start":{"line":8,"column":2},"end":{"line":15,"column":6}},"3":{"start":{"line":12,"column":6},"end":{"line":14,"column":7}},"4":{"start":{"line":13,"column":8},"end":{"line":13,"column":39}},"5":{"start":{"line":19,"column":0},"end":{"line":19,"column":45}}},"fnMap":{"0":{"name":"deleteMovie","decl":{"start":{"line":3,"column":9},"end":{"line":3,"column":20}},"loc":{"start":{"line":3,"column":42},"end":{"line":5,"column":1}},"line":3},"1":{"name":"userCanEdit","decl":{"start":{"line":7,"column":9},"end":{"line":7,"column":20}},"loc":{"start":{"line":7,"column":56},"end":{"line":16,"column":1}},"line":7},"2":{"name":"(anonymous_2)","decl":{"start":{"line":11,"column":10},"end":{"line":11,"column":11}},"loc":{"start":{"line":11,"column":21},"end":{"line":15,"column":5}},"line":11}},"branchMap":{"0":{"loc":{"start":{"line":3,"column":25},"end":{"line":3,"column":40}},"type":"default-arg","locations":[{"start":{"line":3,"column":30},"end":{"line":3,"column":40}}],"line":3},"1":{"loc":{"start":{"line":7,"column":39},"end":{"line":7,"column":54}},"type":"default-arg","locations":[{"start":{"line":7,"column":44},"end":{"line":7,"column":54}}],"line":7},"2":{"loc":{"start":{"line":12,"column":6},"end":{"line":14,"column":7}},"type":"if","locations":[{"start":{"line":12,"column":6},"end":{"line":14,"column":7}},{"start":{},"end":{}}],"line":12}},"s":{"0":8,"1":1,"2":1,"3":1,"4":0,"5":8},"f":{"0":1,"1":1,"2":1},"b":{"0":[0],"1":[0],"2":[0,1]},"_coverageSchema":"1a1c01bbd47fc00a2c39e90264f33305004495a9","hash":"7bd176cf27361d3bd66899be2d5afa85b7489626"}
,"/home/brayden-drummond/Applications/Favourite-album-app/server/db/home.js": {"path":"/home/brayden-drummond/Applications/Favourite-album-app/server/db/home.js","statementMap":{"0":{"start":{"line":1,"column":19},"end":{"line":1,"column":42}},"1":{"start":{"line":4,"column":2},"end":{"line":10,"column":3}},"2":{"start":{"line":13,"column":0},"end":{"line":13,"column":30}}},"fnMap":{"0":{"name":"getMovies","decl":{"start":{"line":3,"column":9},"end":{"line":3,"column":18}},"loc":{"start":{"line":3,"column":36},"end":{"line":11,"column":1}},"line":3}},"branchMap":{"0":{"loc":{"start":{"line":3,"column":19},"end":{"line":3,"column":34}},"type":"default-arg","locations":[{"start":{"line":3,"column":24},"end":{"line":3,"column":34}}],"line":3}},"s":{"0":8,"1":1,"2":8},"f":{"0":1},"b":{"0":[0]},"_coverageSchema":"1a1c01bbd47fc00a2c39e90264f33305004495a9","hash":"79870d8a2fa524d4f6c5ac91476c4b5df4eba8b5"}
,"/home/brayden-drummond/Applications/Favourite-album-app/server/db/play.js": {"path":"/home/brayden-drummond/Applications/Favourite-album-app/server/db/play.js","statementMap":{"0":{"start":{"line":1,"column":19},"end":{"line":1,"column":42}},"1":{"start":{"line":4,"column":2},"end":{"line":10,"column":3}},"2":{"start":{"line":13,"column":0},"end":{"line":13,"column":33}}},"fnMap":{"0":{"name":"getAllMovies","decl":{"start":{"line":3,"column":9},"end":{"line":3,"column":21}},"loc":{"start":{"line":3,"column":39},"end":{"line":11,"column":1}},"line":3}},"branchMap":{"0":{"loc":{"start":{"line":3,"column":22},"end":{"line":3,"column":37}},"type":"default-arg","locations":[{"start":{"line":3,"column":27},"end":{"line":3,"column":37}}],"line":3}},"s":{"0":8,"1":1,"2":8},"f":{"0":1},"b":{"0":[0]},"_coverageSchema":"1a1c01bbd47fc00a2c39e90264f33305004495a9","hash":"7f0489f5bc17e2ab8341d5eb949106798bae9681"}
,"/home/brayden-drummond/Applications/Favourite-album-app/server/db/results.js": {"path":"/home/brayden-drummond/Applications/Favourite-album-app/server/db/results.js","statementMap":{"0":{"start":{"line":1,"column":19},"end":{"line":1,"column":42}},"1":{"start":{"line":4,"column":2},"end":{"line":12,"column":5}},"2":{"start":{"line":15,"column":0},"end":{"line":15,"column":40}}},"fnMap":{"0":{"name":"getResultsByAuth0Id","decl":{"start":{"line":3,"column":9},"end":{"line":3,"column":28}},"loc":{"start":{"line":3,"column":55},"end":{"line":13,"column":1}},"line":3}},"branchMap":{"0":{"loc":{"start":{"line":3,"column":38},"end":{"line":3,"column":53}},"type":"default-arg","locations":[{"start":{"line":3,"column":43},"end":{"line":3,"column":53}}],"line":3}},"s":{"0":8,"1":1,"2":8},"f":{"0":1},"b":{"0":[0]},"_coverageSchema":"1a1c01bbd47fc00a2c39e90264f33305004495a9","hash":"ef95e051c884c9f7cd26005ed6afd32e26455568"}
,"/home/brayden-drummond/Applications/Favourite-album-app/server/db/user.js": {"path":"/home/brayden-drummond/Applications/Favourite-album-app/server/db/user.js","statementMap":{"0":{"start":{"line":1,"column":19},"end":{"line":1,"column":42}},"1":{"start":{"line":4,"column":2},"end":{"line":6,"column":48}},"2":{"start":{"line":6,"column":26},"end":{"line":6,"column":47}},"3":{"start":{"line":10,"column":2},"end":{"line":10,"column":59}},"4":{"start":{"line":14,"column":2},"end":{"line":16,"column":43}},"5":{"start":{"line":16,"column":16},"end":{"line":16,"column":42}},"6":{"start":{"line":19,"column":0},"end":{"line":19,"column":49}}},"fnMap":{"0":{"name":"userExists","decl":{"start":{"line":3,"column":9},"end":{"line":3,"column":19}},"loc":{"start":{"line":3,"column":43},"end":{"line":7,"column":1}},"line":3},"1":{"name":"(anonymous_1)","decl":{"start":{"line":6,"column":10},"end":{"line":6,"column":11}},"loc":{"start":{"line":6,"column":26},"end":{"line":6,"column":47}},"line":6},"2":{"name":"getUser","decl":{"start":{"line":9,"column":9},"end":{"line":9,"column":16}},"loc":{"start":{"line":9,"column":38},"end":{"line":11,"column":1}},"line":9},"3":{"name":"addUser","decl":{"start":{"line":13,"column":9},"end":{"line":13,"column":16}},"loc":{"start":{"line":13,"column":40},"end":{"line":17,"column":1}},"line":13},"4":{"name":"(anonymous_4)","decl":{"start":{"line":16,"column":10},"end":{"line":16,"column":11}},"loc":{"start":{"line":16,"column":16},"end":{"line":16,"column":42}},"line":16}},"branchMap":{"0":{"loc":{"start":{"line":3,"column":26},"end":{"line":3,"column":41}},"type":"default-arg","locations":[{"start":{"line":3,"column":31},"end":{"line":3,"column":41}}],"line":3},"1":{"loc":{"start":{"line":9,"column":21},"end":{"line":9,"column":36}},"type":"default-arg","locations":[{"start":{"line":9,"column":26},"end":{"line":9,"column":36}}],"line":9},"2":{"loc":{"start":{"line":13,"column":23},"end":{"line":13,"column":38}},"type":"default-arg","locations":[{"start":{"line":13,"column":28},"end":{"line":13,"column":38}}],"line":13}},"s":{"0":8,"1":1,"2":1,"3":2,"4":1,"5":1,"6":8},"f":{"0":1,"1":1,"2":2,"3":1,"4":1},"b":{"0":[0],"1":[0],"2":[0]},"_coverageSchema":"1a1c01bbd47fc00a2c39e90264f33305004495a9","hash":"ea92ba8ec1329284f13dc2de16ca4d80cdf266e8"}
,"/home/brayden-drummond/Applications/Favourite-album-app/server/db/winner.js": {"path":"/home/brayden-drummond/Applications/Favourite-album-app/server/db/winner.js","statementMap":{"0":{"start":{"line":1,"column":19},"end":{"line":1,"column":42}},"1":{"start":{"line":4,"column":2},"end":{"line":4,"column":37}},"2":{"start":{"line":7,"column":0},"end":{"line":7,"column":30}}},"fnMap":{"0":{"name":"addResult","decl":{"start":{"line":3,"column":9},"end":{"line":3,"column":18}},"loc":{"start":{"line":3,"column":44},"end":{"line":5,"column":1}},"line":3}},"branchMap":{"0":{"loc":{"start":{"line":3,"column":27},"end":{"line":3,"column":42}},"type":"default-arg","locations":[{"start":{"line":3,"column":32},"end":{"line":3,"column":42}}],"line":3}},"s":{"0":8,"1":1,"2":8},"f":{"0":1},"b":{"0":[0]},"_coverageSchema":"1a1c01bbd47fc00a2c39e90264f33305004495a9","hash":"1b5312f6bc49a53b754b5a8eb3d06312eff0ce4a"}
,"/home/brayden-drummond/Applications/Favourite-album-app/server/routes/create.js": {"path":"/home/brayden-drummond/Applications/Favourite-album-app/server/routes/create.js","statementMap":{"0":{"start":{"line":1,"column":16},"end":{"line":1,"column":34}},"1":{"start":{"line":2,"column":0},"end":{"line":2,"column":26}},"2":{"start":{"line":4,"column":21},"end":{"line":4,"column":44}},"3":{"start":{"line":8,"column":17},"end":{"line":8,"column":36}},"4":{"start":{"line":10,"column":15},"end":{"line":10,"column":31}},"5":{"start":{"line":25,"column":0},"end":{"line":36,"column":2}},"6":{"start":{"line":26,"column":18},"end":{"line":26,"column":31}},"7":{"start":{"line":27,"column":43},"end":{"line":27,"column":51}},"8":{"start":{"line":28,"column":2},"end":{"line":35,"column":6}},"9":{"start":{"line":30,"column":6},"end":{"line":30,"column":25}},"10":{"start":{"line":33,"column":6},"end":{"line":33,"column":32}},"11":{"start":{"line":34,"column":6},"end":{"line":34,"column":63}},"12":{"start":{"line":38,"column":0},"end":{"line":38,"column":23}}},"fnMap":{"0":{"name":"(anonymous_0)","decl":{"start":{"line":25,"column":27},"end":{"line":25,"column":28}},"loc":{"start":{"line":25,"column":41},"end":{"line":36,"column":1}},"line":25},"1":{"name":"(anonymous_1)","decl":{"start":{"line":29,"column":10},"end":{"line":29,"column":11}},"loc":{"start":{"line":29,"column":16},"end":{"line":31,"column":5}},"line":29},"2":{"name":"(anonymous_2)","decl":{"start":{"line":32,"column":11},"end":{"line":32,"column":12}},"loc":{"start":{"line":32,"column":20},"end":{"line":35,"column":5}},"line":32}},"branchMap":{},"s":{"0":7,"1":7,"2":7,"3":7,"4":7,"5":7,"6":2,"7":2,"8":2,"9":1,"10":1,"11":1,"12":7},"f":{"0":2,"1":1,"2":1},"b":{},"_coverageSchema":"1a1c01bbd47fc00a2c39e90264f33305004495a9","hash":"8db280074e38712fc9826f0b05a3d45ff20474ea"}
,"/home/brayden-drummond/Applications/Favourite-album-app/server/routes/delete.js": {"path":"/home/brayden-drummond/Applications/Favourite-album-app/server/routes/delete.js","statementMap":{"0":{"start":{"line":1,"column":16},"end":{"line":1,"column":34}},"1":{"start":{"line":3,"column":37},"end":{"line":3,"column":60}},"2":{"start":{"line":5,"column":17},"end":{"line":5,"column":36}},"3":{"start":{"line":7,"column":15},"end":{"line":7,"column":31}},"4":{"start":{"line":11,"column":0},"end":{"line":30,"column":2}},"5":{"start":{"line":12,"column":13},"end":{"line":12,"column":24}},"6":{"start":{"line":13,"column":18},"end":{"line":13,"column":31}},"7":{"start":{"line":15,"column":2},"end":{"line":29,"column":6}},"8":{"start":{"line":16,"column":16},"end":{"line":16,"column":31}},"9":{"start":{"line":18,"column":6},"end":{"line":18,"column":22}},"10":{"start":{"line":21,"column":6},"end":{"line":21,"column":24}},"11":{"start":{"line":22,"column":6},"end":{"line":28,"column":7}},"12":{"start":{"line":23,"column":8},"end":{"line":25,"column":80}},"13":{"start":{"line":27,"column":8},"end":{"line":27,"column":41}},"14":{"start":{"line":31,"column":0},"end":{"line":31,"column":23}}},"fnMap":{"0":{"name":"(anonymous_0)","decl":{"start":{"line":11,"column":29},"end":{"line":11,"column":30}},"loc":{"start":{"line":11,"column":43},"end":{"line":30,"column":1}},"line":11},"1":{"name":"(anonymous_1)","decl":{"start":{"line":16,"column":10},"end":{"line":16,"column":11}},"loc":{"start":{"line":16,"column":16},"end":{"line":16,"column":31}},"line":16},"2":{"name":"(anonymous_2)","decl":{"start":{"line":17,"column":10},"end":{"line":17,"column":11}},"loc":{"start":{"line":17,"column":22},"end":{"line":19,"column":5}},"line":17},"3":{"name":"(anonymous_3)","decl":{"start":{"line":20,"column":11},"end":{"line":20,"column":12}},"loc":{"start":{"line":20,"column":20},"end":{"line":29,"column":5}},"line":20}},"branchMap":{"0":{"loc":{"start":{"line":22,"column":6},"end":{"line":28,"column":7}},"type":"if","locations":[{"start":{"line":22,"column":6},"end":{"line":28,"column":7}},{"start":{"line":26,"column":13},"end":{"line":28,"column":7}}],"line":22}},"s":{"0":7,"1":7,"2":7,"3":7,"4":7,"5":3,"6":3,"7":3,"8":3,"9":1,"10":2,"11":2,"12":1,"13":1,"14":7},"f":{"0":3,"1":3,"2":1,"3":2},"b":{"0":[1,1]},"_coverageSchema":"1a1c01bbd47fc00a2c39e90264f33305004495a9","hash":"0868bc0db82b722ebed523535d7aaf251c26b869"}
,"/home/brayden-drummond/Applications/Favourite-album-app/server/routes/home.js": {"path":"/home/brayden-drummond/Applications/Favourite-album-app/server/routes/home.js","statementMap":{"0":{"start":{"line":1,"column":16},"end":{"line":1,"column":34}},"1":{"start":{"line":3,"column":22},"end":{"line":3,"column":43}},"2":{"start":{"line":4,"column":15},"end":{"line":4,"column":31}},"3":{"start":{"line":7,"column":0},"end":{"line":13,"column":2}},"4":{"start":{"line":8,"column":2},"end":{"line":12,"column":75}},"5":{"start":{"line":10,"column":6},"end":{"line":10,"column":65}},"6":{"start":{"line":12,"column":17},"end":{"line":12,"column":74}},"7":{"start":{"line":14,"column":0},"end":{"line":14,"column":23}}},"fnMap":{"0":{"name":"(anonymous_0)","decl":{"start":{"line":7,"column":16},"end":{"line":7,"column":17}},"loc":{"start":{"line":7,"column":30},"end":{"line":13,"column":1}},"line":7},"1":{"name":"(anonymous_1)","decl":{"start":{"line":9,"column":10},"end":{"line":9,"column":11}},"loc":{"start":{"line":9,"column":22},"end":{"line":11,"column":5}},"line":9},"2":{"name":"(anonymous_2)","decl":{"start":{"line":12,"column":11},"end":{"line":12,"column":12}},"loc":{"start":{"line":12,"column":17},"end":{"line":12,"column":74}},"line":12}},"branchMap":{},"s":{"0":7,"1":7,"2":7,"3":7,"4":2,"5":1,"6":1,"7":7},"f":{"0":2,"1":1,"2":1},"b":{},"_coverageSchema":"1a1c01bbd47fc00a2c39e90264f33305004495a9","hash":"4cb7295074a7b595b0837fa3ee0f4f0333b6de11"}
,"/home/brayden-drummond/Applications/Favourite-album-app/server/routes/movies.js": {"path":"/home/brayden-drummond/Applications/Favourite-album-app/server/routes/movies.js","statementMap":{"0":{"start":{"line":1,"column":16},"end":{"line":1,"column":34}},"1":{"start":{"line":3,"column":22},"end":{"line":3,"column":43}},"2":{"start":{"line":4,"column":17},"end":{"line":4,"column":36}},"3":{"start":{"line":6,"column":15},"end":{"line":6,"column":31}},"4":{"start":{"line":9,"column":0},"end":{"line":15,"column":2}},"5":{"start":{"line":10,"column":2},"end":{"line":14,"column":75}},"6":{"start":{"line":12,"column":6},"end":{"line":12,"column":22}},"7":{"start":{"line":14,"column":17},"end":{"line":14,"column":74}},"8":{"start":{"line":16,"column":0},"end":{"line":16,"column":23}}},"fnMap":{"0":{"name":"(anonymous_0)","decl":{"start":{"line":9,"column":26},"end":{"line":9,"column":27}},"loc":{"start":{"line":9,"column":40},"end":{"line":15,"column":1}},"line":9},"1":{"name":"(anonymous_1)","decl":{"start":{"line":11,"column":10},"end":{"line":11,"column":11}},"loc":{"start":{"line":11,"column":22},"end":{"line":13,"column":5}},"line":11},"2":{"name":"(anonymous_2)","decl":{"start":{"line":14,"column":11},"end":{"line":14,"column":12}},"loc":{"start":{"line":14,"column":17},"end":{"line":14,"column":74}},"line":14}},"branchMap":{},"s":{"0":7,"1":7,"2":7,"3":7,"4":7,"5":0,"6":0,"7":0,"8":7},"f":{"0":0,"1":0,"2":0},"b":{},"_coverageSchema":"1a1c01bbd47fc00a2c39e90264f33305004495a9","hash":"7140bc072aec404a359284d78ccf7a2ca6bf5292"}
,"/home/brayden-drummond/Applications/Favourite-album-app/server/routes/play.js": {"path":"/home/brayden-drummond/Applications/Favourite-album-app/server/routes/play.js","statementMap":{"0":{"start":{"line":1,"column":16},"end":{"line":1,"column":34}},"1":{"start":{"line":2,"column":25},"end":{"line":2,"column":46}},"2":{"start":{"line":3,"column":15},"end":{"line":3,"column":31}},"3":{"start":{"line":5,"column":17},"end":{"line":5,"column":36}},"4":{"start":{"line":8,"column":0},"end":{"line":17,"column":2}},"5":{"start":{"line":9,"column":2},"end":{"line":16,"column":6}},"6":{"start":{"line":11,"column":6},"end":{"line":11,"column":22}},"7":{"start":{"line":14,"column":6},"end":{"line":14,"column":32}},"8":{"start":{"line":15,"column":6},"end":{"line":15,"column":63}},"9":{"start":{"line":19,"column":0},"end":{"line":19,"column":23}}},"fnMap":{"0":{"name":"(anonymous_0)","decl":{"start":{"line":8,"column":26},"end":{"line":8,"column":27}},"loc":{"start":{"line":8,"column":40},"end":{"line":17,"column":1}},"line":8},"1":{"name":"(anonymous_1)","decl":{"start":{"line":10,"column":10},"end":{"line":10,"column":11}},"loc":{"start":{"line":10,"column":22},"end":{"line":12,"column":5}},"line":10},"2":{"name":"(anonymous_2)","decl":{"start":{"line":13,"column":11},"end":{"line":13,"column":12}},"loc":{"start":{"line":13,"column":20},"end":{"line":16,"column":5}},"line":13}},"branchMap":{},"s":{"0":7,"1":7,"2":7,"3":7,"4":7,"5":2,"6":1,"7":1,"8":1,"9":7},"f":{"0":2,"1":1,"2":1},"b":{},"_coverageSchema":"1a1c01bbd47fc00a2c39e90264f33305004495a9","hash":"984922454caf224168d2f29c0ee146597de3070c"}
,"/home/brayden-drummond/Applications/Favourite-album-app/server/routes/results.js": {"path":"/home/brayden-drummond/Applications/Favourite-album-app/server/routes/results.js","statementMap":{"0":{"start":{"line":1,"column":16},"end":{"line":1,"column":34}},"1":{"start":{"line":3,"column":32},"end":{"line":3,"column":56}},"2":{"start":{"line":5,"column":17},"end":{"line":5,"column":36}},"3":{"start":{"line":7,"column":15},"end":{"line":7,"column":31}},"4":{"start":{"line":9,"column":0},"end":{"line":19,"column":2}},"5":{"start":{"line":10,"column":18},"end":{"line":10,"column":31}},"6":{"start":{"line":11,"column":2},"end":{"line":18,"column":6}},"7":{"start":{"line":13,"column":6},"end":{"line":13,"column":23}},"8":{"start":{"line":16,"column":6},"end":{"line":16,"column":32}},"9":{"start":{"line":17,"column":6},"end":{"line":17,"column":63}},"10":{"start":{"line":20,"column":0},"end":{"line":20,"column":23}}},"fnMap":{"0":{"name":"(anonymous_0)","decl":{"start":{"line":9,"column":26},"end":{"line":9,"column":27}},"loc":{"start":{"line":9,"column":40},"end":{"line":19,"column":1}},"line":9},"1":{"name":"(anonymous_1)","decl":{"start":{"line":12,"column":10},"end":{"line":12,"column":11}},"loc":{"start":{"line":12,"column":23},"end":{"line":14,"column":5}},"line":12},"2":{"name":"(anonymous_2)","decl":{"start":{"line":15,"column":11},"end":{"line":15,"column":12}},"loc":{"start":{"line":15,"column":20},"end":{"line":18,"column":5}},"line":15}},"branchMap":{},"s":{"0":7,"1":7,"2":7,"3":7,"4":7,"5":2,"6":2,"7":1,"8":1,"9":1,"10":7},"f":{"0":2,"1":1,"2":1},"b":{},"_coverageSchema":"1a1c01bbd47fc00a2c39e90264f33305004495a9","hash":"51d29792914ec471cdebeb3a47ca047db1850a57"}
,"/home/brayden-drummond/Applications/Favourite-album-app/server/routes/user.js": {"path":"/home/brayden-drummond/Applications/Favourite-album-app/server/routes/user.js","statementMap":{"0":{"start":{"line":1,"column":16},"end":{"line":1,"column":34}},"1":{"start":{"line":2,"column":17},"end":{"line":2,"column":36}},"2":{"start":{"line":4,"column":15},"end":{"line":4,"column":31}},"3":{"start":{"line":6,"column":11},"end":{"line":6,"column":32}},"4":{"start":{"line":8,"column":0},"end":{"line":22,"column":2}},"5":{"start":{"line":9,"column":19},"end":{"line":9,"column":32}},"6":{"start":{"line":10,"column":2},"end":{"line":21,"column":3}},"7":{"start":{"line":11,"column":4},"end":{"line":11,"column":18}},"8":{"start":{"line":13,"column":4},"end":{"line":20,"column":8}},"9":{"start":{"line":15,"column":8},"end":{"line":15,"column":36}},"10":{"start":{"line":18,"column":8},"end":{"line":18,"column":34}},"11":{"start":{"line":19,"column":8},"end":{"line":19,"column":65}},"12":{"start":{"line":24,"column":0},"end":{"line":41,"column":2}},"13":{"start":{"line":25,"column":19},"end":{"line":25,"column":32}},"14":{"start":{"line":26,"column":19},"end":{"line":26,"column":27}},"15":{"start":{"line":27,"column":15},"end":{"line":27,"column":33}},"16":{"start":{"line":28,"column":2},"end":{"line":40,"column":6}},"17":{"start":{"line":30,"column":6},"end":{"line":30,"column":58}},"18":{"start":{"line":30,"column":25},"end":{"line":30,"column":58}},"19":{"start":{"line":32,"column":16},"end":{"line":32,"column":32}},"20":{"start":{"line":33,"column":16},"end":{"line":33,"column":35}},"21":{"start":{"line":35,"column":6},"end":{"line":35,"column":32}},"22":{"start":{"line":36,"column":6},"end":{"line":38,"column":7}},"23":{"start":{"line":37,"column":8},"end":{"line":37,"column":46}},"24":{"start":{"line":39,"column":6},"end":{"line":39,"column":63}},"25":{"start":{"line":43,"column":0},"end":{"line":43,"column":23}}},"fnMap":{"0":{"name":"(anonymous_0)","decl":{"start":{"line":8,"column":26},"end":{"line":8,"column":27}},"loc":{"start":{"line":8,"column":40},"end":{"line":22,"column":1}},"line":8},"1":{"name":"(anonymous_1)","decl":{"start":{"line":14,"column":12},"end":{"line":14,"column":13}},"loc":{"start":{"line":14,"column":22},"end":{"line":16,"column":7}},"line":14},"2":{"name":"(anonymous_2)","decl":{"start":{"line":17,"column":13},"end":{"line":17,"column":14}},"loc":{"start":{"line":17,"column":22},"end":{"line":20,"column":7}},"line":17},"3":{"name":"(anonymous_3)","decl":{"start":{"line":24,"column":27},"end":{"line":24,"column":28}},"loc":{"start":{"line":24,"column":41},"end":{"line":41,"column":1}},"line":24},"4":{"name":"(anonymous_4)","decl":{"start":{"line":29,"column":10},"end":{"line":29,"column":11}},"loc":{"start":{"line":29,"column":29},"end":{"line":31,"column":5}},"line":29},"5":{"name":"(anonymous_5)","decl":{"start":{"line":32,"column":10},"end":{"line":32,"column":11}},"loc":{"start":{"line":32,"column":16},"end":{"line":32,"column":32}},"line":32},"6":{"name":"(anonymous_6)","decl":{"start":{"line":33,"column":10},"end":{"line":33,"column":11}},"loc":{"start":{"line":33,"column":16},"end":{"line":33,"column":35}},"line":33},"7":{"name":"(anonymous_7)","decl":{"start":{"line":34,"column":11},"end":{"line":34,"column":12}},"loc":{"start":{"line":34,"column":20},"end":{"line":40,"column":5}},"line":34}},"branchMap":{"0":{"loc":{"start":{"line":10,"column":2},"end":{"line":21,"column":3}},"type":"if","locations":[{"start":{"line":10,"column":2},"end":{"line":21,"column":3}},{"start":{"line":12,"column":9},"end":{"line":21,"column":3}}],"line":10},"1":{"loc":{"start":{"line":15,"column":17},"end":{"line":15,"column":35}},"type":"cond-expr","locations":[{"start":{"line":15,"column":24},"end":{"line":15,"column":28}},{"start":{"line":15,"column":31},"end":{"line":15,"column":35}}],"line":15},"2":{"loc":{"start":{"line":30,"column":6},"end":{"line":30,"column":58}},"type":"if","locations":[{"start":{"line":30,"column":6},"end":{"line":30,"column":58}},{"start":{},"end":{}}],"line":30},"3":{"loc":{"start":{"line":36,"column":6},"end":{"line":38,"column":7}},"type":"if","locations":[{"start":{"line":36,"column":6},"end":{"line":38,"column":7}},{"start":{},"end":{}}],"line":36}},"s":{"0":7,"1":7,"2":7,"3":7,"4":7,"5":2,"6":2,"7":0,"8":2,"9":1,"10":1,"11":1,"12":7,"13":1,"14":1,"15":1,"16":1,"17":1,"18":0,"19":1,"20":1,"21":0,"22":0,"23":0,"24":0,"25":7},"f":{"0":2,"1":1,"2":1,"3":1,"4":1,"5":1,"6":1,"7":0},"b":{"0":[0,2],"1":[1,0],"2":[0,1],"3":[0,0]},"_coverageSchema":"1a1c01bbd47fc00a2c39e90264f33305004495a9","hash":"36a247d9e434274a11fbbebf9b1d713c5e16d015"}
,"/home/brayden-drummond/Applications/Favourite-album-app/server/routes/winner.js": {"path":"/home/brayden-drummond/Applications/Favourite-album-app/server/routes/winner.js","statementMap":{"0":{"start":{"line":1,"column":16},"end":{"line":1,"column":34}},"1":{"start":{"line":3,"column":11},"end":{"line":3,"column":34}},"2":{"start":{"line":5,"column":17},"end":{"line":5,"column":36}},"3":{"start":{"line":7,"column":15},"end":{"line":7,"column":31}},"4":{"start":{"line":9,"column":0},"end":{"line":21,"column":2}},"5":{"start":{"line":10,"column":20},"end":{"line":10,"column":38}},"6":{"start":{"line":11,"column":19},"end":{"line":11,"column":32}},"7":{"start":{"line":12,"column":18},"end":{"line":12,"column":38}},"8":{"start":{"line":13,"column":2},"end":{"line":20,"column":6}},"9":{"start":{"line":15,"column":6},"end":{"line":15,"column":25}},"10":{"start":{"line":18,"column":6},"end":{"line":18,"column":32}},"11":{"start":{"line":19,"column":6},"end":{"line":19,"column":63}},"12":{"start":{"line":23,"column":0},"end":{"line":23,"column":23}}},"fnMap":{"0":{"name":"(anonymous_0)","decl":{"start":{"line":9,"column":27},"end":{"line":9,"column":28}},"loc":{"start":{"line":9,"column":41},"end":{"line":21,"column":1}},"line":9},"1":{"name":"(anonymous_1)","decl":{"start":{"line":14,"column":10},"end":{"line":14,"column":11}},"loc":{"start":{"line":14,"column":16},"end":{"line":16,"column":5}},"line":14},"2":{"name":"(anonymous_2)","decl":{"start":{"line":17,"column":11},"end":{"line":17,"column":12}},"loc":{"start":{"line":17,"column":20},"end":{"line":20,"column":5}},"line":17}},"branchMap":{},"s":{"0":7,"1":7,"2":7,"3":7,"4":7,"5":2,"6":2,"7":2,"8":2,"9":1,"10":1,"11":1,"12":7},"f":{"0":2,"1":1,"2":1},"b":{},"_coverageSchema":"1a1c01bbd47fc00a2c39e90264f33305004495a9","hash":"549f1a2a5a488581087ca941fc064cd8f551a7ba"}
}
