TN:
SF:client/actions/home.js
FN:5,setHomeContent
FN:12,fetchHomeContent
FN:13,(anonymous_2)
FN:15,(anonymous_3)
FN:18,(anonymous_4)
FNF:5
FNH:5
FNDA:1,setHomeContent
FNDA:2,fetchHomeContent
FNDA:2,(anonymous_2)
FNDA:1,(anonymous_3)
FNDA:1,(anonymous_4)
DA:3,3
DA:6,1
DA:13,2
DA:14,2
DA:16,1
DA:19,1
LF:6
LH:6
BRF:0
BRH:0
end_of_record
TN:
SF:client/apis/home.js
FN:6,getHomeContent
FN:7,(anonymous_1)
FNF:2
FNH:2
FNDA:1,getHomeContent
FNDA:1,(anonymous_1)
DA:3,4
DA:7,1
DA:8,1
LF:3
LH:3
BRF:0
BRH:0
end_of_record
TN:
SF:client/components/Home.jsx
FN:8,Home
FN:10,(anonymous_1)
FN:12,(anonymous_2)
FNF:3
FNH:3
FNDA:3,Home
FNDA:6,(anonymous_1)
FNDA:3,(anonymous_2)
DA:9,3
DA:10,6
DA:12,3
DA:13,3
LF:4
LH:4
BRF:0
BRH:0
end_of_record
TN:
SF:client/reducers/home.js
FN:5,(anonymous_0)
FNF:1
FNH:1
FNDA:2,(anonymous_0)
DA:3,1
DA:5,1
DA:6,2
DA:8,2
DA:10,1
DA:12,1
LF:6
LH:6
BRDA:5,0,0,1
BRDA:8,1,0,1
BRDA:8,1,1,1
BRF:3
BRH:3
end_of_record
TN:
SF:server/db/home.js
FN:3,getMovies
FNF:1
FNH:1
FNDA:1,getMovies
DA:1,3
DA:4,1
DA:13,3
LF:3
LH:3
BRDA:3,0,0,0
BRF:1
BRH:0
end_of_record
TN:
SF:server/db/winner.js
FN:3,addResult
FNF:1
FNH:1
FNDA:1,addResult
DA:1,3
DA:4,1
DA:7,3
LF:3
LH:3
BRDA:3,0,0,0
BRF:1
BRH:0
end_of_record
TN:
SF:server/routes/create.js
FNF:0
FNH:0
DA:1,2
DA:3,2
DA:5,2
LF:3
LH:3
BRF:0
BRH:0
end_of_record
TN:
SF:server/routes/home.js
FN:7,(anonymous_0)
FN:9,(anonymous_1)
FN:12,(anonymous_2)
FNF:3
FNH:3
FNDA:2,(anonymous_0)
FNDA:1,(anonymous_1)
FNDA:1,(anonymous_2)
DA:1,2
DA:3,2
DA:4,2
DA:7,2
DA:8,2
DA:10,1
DA:12,1
DA:14,2
LF:8
LH:8
BRF:0
BRH:0
end_of_record
TN:
SF:server/routes/play.js
FNF:0
FNH:0
DA:1,2
DA:3,2
DA:5,2
LF:3
LH:3
BRF:0
BRH:0
end_of_record
TN:
SF:server/routes/results.js
FNF:0
FNH:0
DA:1,2
DA:3,2
DA:5,2
LF:3
LH:3
BRF:0
BRH:0
end_of_record
TN:
SF:server/routes/user.js
FNF:0
FNH:0
DA:1,2
DA:3,2
DA:5,2
LF:3
LH:3
BRF:0
BRH:0
end_of_record
TN:
SF:server/routes/winner.js
FN:9,(anonymous_0)
FN:14,(anonymous_1)
FN:17,(anonymous_2)
FNF:3
FNH:3
FNDA:2,(anonymous_0)
FNDA:1,(anonymous_1)
FNDA:1,(anonymous_2)
DA:1,2
DA:3,2
DA:4,2
DA:9,2
DA:10,2
DA:11,2
DA:12,2
DA:13,2
DA:15,1
DA:18,1
DA:19,1
DA:23,2
LF:12
LH:12
BRF:0
BRH:0
end_of_record
