TN:
SF:client/actions/home.js
FN:5,setHomeContent
FN:12,fetchHomeContent
FN:13,(anonymous_2)
FN:15,(anonymous_3)
FN:18,(anonymous_4)
FNF:5
FNH:5
FNDA:1,setHomeContent
FNDA:2,fetchHomeContent
FNDA:2,(anonymous_2)
FNDA:1,(anonymous_3)
FNDA:1,(anonymous_4)
DA:3,3
DA:6,1
DA:13,2
DA:14,2
DA:16,1
DA:19,1
LF:6
LH:6
BRF:0
BRH:0
end_of_record
TN:
SF:client/actions/play.js
FN:6,setPlayContent
FN:13,deletePlayContent
FN:20,fetchPlayContent
FN:21,(anonymous_3)
FN:23,(anonymous_4)
FN:26,(anonymous_5)
FNF:6
FNH:6
FNDA:1,setPlayContent
FNDA:2,deletePlayContent
FNDA:2,fetchPlayContent
FNDA:2,(anonymous_3)
FNDA:1,(anonymous_4)
FNDA:1,(anonymous_5)
DA:3,2
DA:4,2
DA:7,1
DA:14,2
DA:21,2
DA:22,2
DA:24,1
DA:27,1
LF:8
LH:8
BRF:0
BRH:0
end_of_record
TN:
SF:client/actions/winner.js
FN:5,setResult
FN:12,fetchResult
FN:13,(anonymous_2)
FN:14,(anonymous_3)
FNF:4
FNH:4
FNDA:3,setResult
FNDA:1,fetchResult
FNDA:1,(anonymous_2)
FNDA:1,(anonymous_3)
DA:3,4
DA:6,3
DA:13,1
DA:14,1
DA:15,1
DA:16,1
LF:6
LH:6
BRF:0
BRH:0
end_of_record
TN:
SF:client/apis/home.js
FN:6,getHomeContent
FN:7,(anonymous_1)
FNF:2
FNH:2
FNDA:1,getHomeContent
FNDA:1,(anonymous_1)
DA:3,4
DA:7,1
DA:8,1
LF:3
LH:3
BRF:0
BRH:0
end_of_record
TN:
SF:client/apis/play.js
FN:6,getPlayContent
FN:7,(anonymous_1)
FNF:2
FNH:2
FNDA:1,getPlayContent
FNDA:1,(anonymous_1)
DA:3,3
DA:7,1
DA:8,1
LF:3
LH:3
BRF:0
BRH:0
end_of_record
TN:
SF:client/apis/winner.js
FN:6,addNewResult
FNF:1
FNH:1
FNDA:1,addNewResult
DA:3,5
DA:7,1
LF:2
LH:2
BRF:0
BRH:0
end_of_record
TN:
SF:client/components/Home.jsx
FN:8,Home
FN:10,(anonymous_1)
FN:12,(anonymous_2)
FNF:3
FNH:3
FNDA:3,Home
FNDA:6,(anonymous_1)
FNDA:3,(anonymous_2)
DA:9,3
DA:10,6
DA:12,3
DA:13,3
LF:4
LH:4
BRF:0
BRH:0
end_of_record
TN:
SF:client/components/Winner.jsx
FN:7,Winner
FN:8,(anonymous_1)
FN:9,(anonymous_2)
FN:14,(anonymous_3)
FNF:4
FNH:2
FNDA:1,Winner
FNDA:0,(anonymous_1)
FNDA:0,(anonymous_2)
FNDA:1,(anonymous_3)
DA:8,1
DA:9,1
DA:11,1
DA:12,1
DA:14,1
DA:16,1
DA:17,1
DA:19,0
DA:23,1
LF:9
LH:8
BRDA:16,0,0,1
BRDA:16,0,1,0
BRF:2
BRH:1
end_of_record
TN:
SF:client/reducers/home.js
FN:5,(anonymous_0)
FNF:1
FNH:1
FNDA:2,(anonymous_0)
DA:3,1
DA:5,1
DA:6,2
DA:8,2
DA:10,1
DA:12,1
LF:6
LH:6
BRDA:5,0,0,1
BRDA:8,1,0,1
BRDA:8,1,1,1
BRF:3
BRH:3
end_of_record
TN:
SF:client/reducers/play.js
FN:6,(anonymous_0)
FN:15,(anonymous_1)
FN:16,(anonymous_2)
FNF:3
FNH:1
FNDA:3,(anonymous_0)
FNDA:0,(anonymous_1)
FNDA:0,(anonymous_2)
DA:4,1
DA:6,1
DA:7,3
DA:8,3
DA:10,1
DA:12,1
DA:14,0
DA:15,0
DA:16,0
DA:18,1
LF:10
LH:7
BRDA:6,0,0,1
BRDA:8,1,0,1
BRDA:8,1,1,1
BRDA:8,1,2,0
BRDA:8,1,3,1
BRF:5
BRH:4
end_of_record
TN:
SF:client/reducers/winner.js
FN:5,(anonymous_0)
FNF:1
FNH:1
FNDA:2,(anonymous_0)
DA:3,1
DA:5,1
DA:6,2
DA:7,2
DA:9,1
DA:11,1
LF:6
LH:6
BRDA:5,0,0,1
BRDA:7,1,0,1
BRDA:7,1,1,1
BRF:3
BRH:3
end_of_record
TN:
SF:server/db/home.js
FN:3,getMovies
FNF:1
FNH:1
FNDA:1,getMovies
DA:1,4
DA:4,1
DA:13,4
LF:3
LH:3
BRDA:3,0,0,0
BRF:1
BRH:0
end_of_record
TN:
SF:server/db/play.js
FN:3,getAllMovies
FNF:1
FNH:1
FNDA:1,getAllMovies
DA:1,4
DA:4,1
DA:13,4
LF:3
LH:3
BRDA:3,0,0,0
BRF:1
BRH:0
end_of_record
TN:
SF:server/db/winner.js
FN:3,addResult
FNF:1
FNH:1
FNDA:1,addResult
DA:1,4
DA:4,1
DA:7,4
LF:3
LH:3
BRDA:3,0,0,0
BRF:1
BRH:0
end_of_record
TN:
SF:server/routes/create.js
FNF:0
FNH:0
DA:1,3
DA:3,3
DA:5,3
LF:3
LH:3
BRF:0
BRH:0
end_of_record
TN:
SF:server/routes/home.js
FN:7,(anonymous_0)
FN:9,(anonymous_1)
FN:12,(anonymous_2)
FNF:3
FNH:3
FNDA:2,(anonymous_0)
FNDA:1,(anonymous_1)
FNDA:1,(anonymous_2)
DA:1,3
DA:3,3
DA:4,3
DA:7,3
DA:8,2
DA:10,1
DA:12,1
DA:14,3
LF:8
LH:8
BRF:0
BRH:0
end_of_record
TN:
SF:server/routes/play.js
FN:8,(anonymous_0)
FN:10,(anonymous_1)
FN:13,(anonymous_2)
FNF:3
FNH:3
FNDA:2,(anonymous_0)
FNDA:1,(anonymous_1)
FNDA:1,(anonymous_2)
DA:1,3
DA:2,3
DA:3,3
DA:8,3
DA:9,2
DA:11,1
DA:14,1
DA:15,1
DA:19,3
LF:9
LH:9
BRF:0
BRH:0
end_of_record
TN:
SF:server/routes/results.js
FNF:0
FNH:0
DA:1,3
DA:3,3
DA:5,3
LF:3
LH:3
BRF:0
BRH:0
end_of_record
TN:
SF:server/routes/user.js
FNF:0
FNH:0
DA:1,3
DA:3,3
DA:5,3
LF:3
LH:3
BRF:0
BRH:0
end_of_record
TN:
SF:server/routes/winner.js
FN:9,(anonymous_0)
FN:14,(anonymous_1)
FN:17,(anonymous_2)
FNF:3
FNH:3
FNDA:2,(anonymous_0)
FNDA:1,(anonymous_1)
FNDA:1,(anonymous_2)
DA:1,3
DA:3,3
DA:4,3
DA:9,3
DA:10,2
DA:11,2
DA:12,2
DA:13,2
DA:15,1
DA:18,1
DA:19,1
DA:23,3
LF:12
LH:12
BRF:0
BRH:0
end_of_record
